<?xml version="1.0" encoding="UTF-8"?>
<!-- Generated by org.testng.reporters.JUnitReportReporter -->
<testsuite hostname="MSI" failures="0" tests="1" name="org.compare.test.ComparatorTest" time="0.007" errors="0" timestamp="2020-07-19T12:41:34 IST" skipped="0">
  <testcase classname="org.compare.test.ComparatorTest" name="weatherComparator" time="0.007"/>
  <system-out/>
</testsuite> <!-- org.compare.test.ComparatorTest -->
